Namespace(batch_size=128, dataset='cifar10', epochs=100, load_chkpt=160, lr_chechpoint1=60, lr_chechpoint2=80, lr_max=0.1, lr_schedule='piecewise', model='PreRes18_standard', momentum=0.9, seed=1, train_mode='std_train', weight_decay=0.0005)
Epoch 	 Train Time 	 Test Time 	 LR 	 	 	 Train Loss 	 Train Acc  	 Test Loss 	 Test Acc
1 		 15.6 	 	 1.3 	 	 0.1000 			 1.6791 	 0.3706 	 1.5090 	 0.4410
2 		 10.2 	 	 1.2 	 	 0.1000 			 1.3463 	 0.4982 	 1.3860 	 0.4973
3 		 10.2 	 	 1.2 	 	 0.1000 			 1.1519 	 0.5764 	 1.2437 	 0.5487
4 		 10.1 	 	 1.3 	 	 0.1000 			 1.0204 	 0.6277 	 1.2890 	 0.5468
5 		 10.2 	 	 1.2 	 	 0.1000 			 0.9229 	 0.6624 	 1.1837 	 0.5785
6 		 10.2 	 	 1.2 	 	 0.1000 			 0.8403 	 0.6948 	 1.1052 	 0.6009
7 		 10.2 	 	 1.2 	 	 0.1000 			 0.7686 	 0.7216 	 1.0960 	 0.6180
8 		 10.2 	 	 1.2 	 	 0.1000 			 0.7032 	 0.7459 	 1.1164 	 0.6250
9 		 10.2 	 	 1.2 	 	 0.1000 			 0.6496 	 0.7650 	 1.3838 	 0.5643
10 		 10.2 	 	 1.2 	 	 0.1000 			 0.5982 	 0.7844 	 1.3466 	 0.5723
11 		 10.2 	 	 1.2 	 	 0.1000 			 0.5428 	 0.8042 	 1.3552 	 0.5809
12 		 10.2 	 	 1.2 	 	 0.1000 			 0.5055 	 0.8198 	 1.1917 	 0.6214
13 		 10.1 	 	 1.2 	 	 0.1000 			 0.4722 	 0.8327 	 1.3665 	 0.5923
14 		 10.2 	 	 1.2 	 	 0.1000 			 0.4404 	 0.8435 	 1.2115 	 0.6294
15 		 10.2 	 	 1.2 	 	 0.1000 			 0.4132 	 0.8524 	 1.2521 	 0.6186
16 		 10.2 	 	 1.2 	 	 0.1000 			 0.3928 	 0.8600 	 1.4230 	 0.5873
17 		 10.2 	 	 1.2 	 	 0.1000 			 0.3760 	 0.8667 	 1.1996 	 0.6428
18 		 10.2 	 	 1.2 	 	 0.1000 			 0.3646 	 0.8715 	 1.5209 	 0.5797
19 		 10.2 	 	 1.2 	 	 0.1000 			 0.3512 	 0.8761 	 1.6283 	 0.5645
20 		 10.2 	 	 1.2 	 	 0.1000 			 0.3542 	 0.8746 	 1.1322 	 0.6509
21 		 10.1 	 	 1.2 	 	 0.1000 			 0.3491 	 0.8769 	 1.1633 	 0.6439
22 		 10.2 	 	 1.2 	 	 0.1000 			 0.3322 	 0.8831 	 1.4695 	 0.5914
23 		 10.2 	 	 1.2 	 	 0.1000 			 0.3355 	 0.8820 	 1.3730 	 0.6076
24 		 10.2 	 	 1.2 	 	 0.1000 			 0.3269 	 0.8843 	 1.3482 	 0.6206
25 		 10.2 	 	 1.3 	 	 0.1000 			 0.3315 	 0.8841 	 1.2817 	 0.6223
26 		 10.2 	 	 1.2 	 	 0.1000 			 0.3168 	 0.8894 	 1.5206 	 0.6110
27 		 10.2 	 	 1.2 	 	 0.1000 			 0.3284 	 0.8850 	 1.3251 	 0.6127
28 		 10.2 	 	 1.2 	 	 0.1000 			 0.3174 	 0.8883 	 1.6163 	 0.5779
29 		 10.2 	 	 1.3 	 	 0.1000 			 0.3175 	 0.8878 	 1.3028 	 0.6227
30 		 10.2 	 	 1.2 	 	 0.1000 			 0.3114 	 0.8911 	 1.2871 	 0.6245
31 		 10.2 	 	 1.2 	 	 0.1000 			 0.3132 	 0.8908 	 1.5103 	 0.5853
32 		 10.2 	 	 1.2 	 	 0.1000 			 0.3089 	 0.8926 	 1.4868 	 0.5894
33 		 10.2 	 	 1.2 	 	 0.1000 			 0.3080 	 0.8918 	 1.3412 	 0.6136
34 		 10.1 	 	 1.2 	 	 0.1000 			 0.3164 	 0.8895 	 1.3516 	 0.6139
35 		 10.2 	 	 1.2 	 	 0.1000 			 0.3041 	 0.8943 	 1.3888 	 0.6310
36 		 10.2 	 	 1.2 	 	 0.1000 			 0.3000 	 0.8958 	 1.2383 	 0.6372
37 		 10.2 	 	 1.2 	 	 0.1000 			 0.3076 	 0.8938 	 1.6019 	 0.5857
38 		 10.2 	 	 1.2 	 	 0.1000 			 0.3053 	 0.8953 	 1.4955 	 0.5988
39 		 10.2 	 	 1.2 	 	 0.1000 			 0.2995 	 0.8955 	 1.4695 	 0.6019
40 		 10.2 	 	 1.2 	 	 0.1000 			 0.3026 	 0.8957 	 1.2779 	 0.6380
41 		 10.2 	 	 1.2 	 	 0.1000 			 0.2958 	 0.8974 	 1.2734 	 0.6286
42 		 10.1 	 	 1.2 	 	 0.1000 			 0.3093 	 0.8908 	 1.4962 	 0.5961
43 		 10.2 	 	 1.2 	 	 0.1000 			 0.2991 	 0.8962 	 1.2684 	 0.6364
44 		 10.2 	 	 1.2 	 	 0.1000 			 0.3006 	 0.8957 	 1.2998 	 0.6264
45 		 10.2 	 	 1.2 	 	 0.1000 			 0.2909 	 0.8999 	 1.2509 	 0.6403
46 		 10.2 	 	 1.2 	 	 0.1000 			 0.3033 	 0.8927 	 1.3817 	 0.6004
47 		 10.2 	 	 1.2 	 	 0.1000 			 0.2970 	 0.8973 	 1.3951 	 0.6149
48 		 10.2 	 	 1.2 	 	 0.1000 			 0.2985 	 0.8966 	 1.4148 	 0.6063
49 		 10.2 	 	 1.2 	 	 0.1000 			 0.2941 	 0.8975 	 1.4657 	 0.6047
50 		 10.2 	 	 1.3 	 	 0.1000 			 0.2926 	 0.8982 	 1.4286 	 0.6166
51 		 10.2 	 	 1.2 	 	 0.1000 			 0.2990 	 0.8961 	 1.3526 	 0.6269
52 		 10.2 	 	 1.2 	 	 0.1000 			 0.2829 	 0.9025 	 1.4269 	 0.6042
53 		 10.2 	 	 1.2 	 	 0.1000 			 0.2923 	 0.8985 	 1.2912 	 0.6232
54 		 10.1 	 	 1.3 	 	 0.1000 			 0.2957 	 0.8968 	 1.3072 	 0.6278
55 		 10.2 	 	 1.2 	 	 0.1000 			 0.2879 	 0.9001 	 1.7145 	 0.5531
56 		 10.2 	 	 1.2 	 	 0.1000 			 0.2950 	 0.8966 	 1.4376 	 0.6019
57 		 10.2 	 	 1.2 	 	 0.1000 			 0.2875 	 0.9008 	 1.2872 	 0.6257
58 		 10.2 	 	 1.2 	 	 0.1000 			 0.2844 	 0.9007 	 1.2863 	 0.6427
59 		 10.2 	 	 1.2 	 	 0.1000 			 0.2845 	 0.9013 	 1.3409 	 0.6290
60 		 10.2 	 	 1.2 	 	 0.0100 			 0.2765 	 0.9030 	 1.5717 	 0.5929
61 		 10.2 	 	 1.2 	 	 0.0100 			 0.0861 	 0.9747 	 1.0934 	 0.6999
62 		 10.2 	 	 1.2 	 	 0.0100 			 0.0169 	 0.9987 	 1.1413 	 0.7000
63 		 10.1 	 	 1.2 	 	 0.0100 			 0.0088 	 0.9999 	 1.1659 	 0.7015
64 		 10.2 	 	 1.2 	 	 0.0100 			 0.0063 	 0.9999 	 1.1791 	 0.7023
65 		 10.2 	 	 1.2 	 	 0.0100 			 0.0052 	 1.0000 	 1.1775 	 0.7034
66 		 10.2 	 	 1.2 	 	 0.0100 			 0.0043 	 1.0000 	 1.1823 	 0.7022
67 		 10.2 	 	 1.2 	 	 0.0100 			 0.0039 	 1.0000 	 1.1849 	 0.7030
68 		 10.2 	 	 1.2 	 	 0.0100 			 0.0035 	 1.0000 	 1.1879 	 0.7018
69 		 10.2 	 	 1.2 	 	 0.0100 			 0.0034 	 1.0000 	 1.1821 	 0.7012
70 		 10.2 	 	 1.2 	 	 0.0100 			 0.0032 	 1.0000 	 1.1812 	 0.7031
71 		 10.2 	 	 1.2 	 	 0.0100 			 0.0031 	 1.0000 	 1.1780 	 0.7029
72 		 10.2 	 	 1.2 	 	 0.0100 			 0.0029 	 1.0000 	 1.1783 	 0.7043
73 		 10.2 	 	 1.2 	 	 0.0100 			 0.0028 	 1.0000 	 1.1737 	 0.7030
74 		 10.2 	 	 1.2 	 	 0.0100 			 0.0028 	 1.0000 	 1.1615 	 0.7041
75 		 10.1 	 	 1.3 	 	 0.0100 			 0.0028 	 1.0000 	 1.1597 	 0.7053
76 		 10.1 	 	 1.2 	 	 0.0100 			 0.0027 	 1.0000 	 1.1531 	 0.7050
77 		 10.2 	 	 1.2 	 	 0.0100 			 0.0027 	 1.0000 	 1.1522 	 0.7030
78 		 10.2 	 	 1.2 	 	 0.0100 			 0.0026 	 1.0000 	 1.1491 	 0.7031
79 		 10.2 	 	 1.3 	 	 0.0100 			 0.0026 	 1.0000 	 1.1446 	 0.7047
80 		 10.2 	 	 1.2 	 	 0.0010 			 0.0026 	 1.0000 	 1.1368 	 0.7046
81 		 10.2 	 	 1.2 	 	 0.0010 			 0.0025 	 1.0000 	 1.1360 	 0.7036
82 		 10.2 	 	 1.2 	 	 0.0010 			 0.0024 	 1.0000 	 1.1384 	 0.7047
83 		 10.2 	 	 1.2 	 	 0.0010 			 0.0025 	 1.0000 	 1.1375 	 0.7049
84 		 10.1 	 	 1.2 	 	 0.0010 			 0.0024 	 1.0000 	 1.1353 	 0.7047
85 		 10.2 	 	 1.2 	 	 0.0010 			 0.0025 	 1.0000 	 1.1382 	 0.7040
86 		 10.2 	 	 1.2 	 	 0.0010 			 0.0025 	 1.0000 	 1.1309 	 0.7061
87 		 10.2 	 	 1.2 	 	 0.0010 			 0.0025 	 1.0000 	 1.1381 	 0.7048
88 		 10.2 	 	 1.2 	 	 0.0010 			 0.0024 	 1.0000 	 1.1315 	 0.7065
89 		 10.2 	 	 1.2 	 	 0.0010 			 0.0024 	 1.0000 	 1.1350 	 0.7036
90 		 10.2 	 	 1.2 	 	 0.0010 			 0.0024 	 1.0000 	 1.1346 	 0.7049
91 		 10.2 	 	 1.2 	 	 0.0010 			 0.0024 	 1.0000 	 1.1352 	 0.7045
92 		 10.2 	 	 1.2 	 	 0.0010 			 0.0025 	 1.0000 	 1.1278 	 0.7040
93 		 10.2 	 	 1.2 	 	 0.0010 			 0.0024 	 1.0000 	 1.1355 	 0.7058
94 		 10.2 	 	 1.2 	 	 0.0010 			 0.0024 	 1.0000 	 1.1332 	 0.7048
95 		 10.2 	 	 1.2 	 	 0.0010 			 0.0024 	 1.0000 	 1.1330 	 0.7070
96 		 10.2 	 	 1.2 	 	 0.0010 			 0.0024 	 1.0000 	 1.1311 	 0.7043
97 		 10.2 	 	 1.2 	 	 0.0010 			 0.0024 	 1.0000 	 1.1289 	 0.7047
98 		 10.2 	 	 1.2 	 	 0.0010 			 0.0024 	 1.0000 	 1.1337 	 0.7043
99 		 10.2 	 	 1.2 	 	 0.0010 			 0.0024 	 1.0000 	 1.1378 	 0.7051
