Namespace(batch_size=128, dataset='cifar10', epochs=100, load_chkpt=120, lr_chechpoint1=60, lr_chechpoint2=80, lr_max=0.1, lr_schedule='piecewise', model='PreRes18_standard', momentum=0.9, seed=1, train_mode='std_train', weight_decay=0.0005)
Epoch 	 Train Time 	 Test Time 	 LR 	 	 	 Train Loss 	 Train Acc  	 Test Loss 	 Test Acc
1 		 15.6 	 	 1.2 	 	 0.1000 			 1.7305 	 0.3547 	 1.5693 	 0.4154
2 		 10.1 	 	 1.2 	 	 0.1000 			 1.4615 	 0.4559 	 1.5838 	 0.4324
3 		 10.1 	 	 1.2 	 	 0.1000 			 1.3055 	 0.5191 	 1.4020 	 0.4903
4 		 10.0 	 	 1.2 	 	 0.1000 			 1.1711 	 0.5716 	 1.2879 	 0.5434
5 		 10.1 	 	 1.2 	 	 0.1000 			 1.0666 	 0.6136 	 1.3208 	 0.5362
6 		 10.1 	 	 1.2 	 	 0.1000 			 0.9734 	 0.6507 	 1.2718 	 0.5650
7 		 10.1 	 	 1.2 	 	 0.1000 			 0.8871 	 0.6822 	 1.2319 	 0.5787
8 		 10.0 	 	 1.2 	 	 0.1000 			 0.8070 	 0.7108 	 1.6882 	 0.4624
9 		 10.1 	 	 1.2 	 	 0.1000 			 0.7383 	 0.7376 	 1.1546 	 0.6001
10 		 10.1 	 	 1.2 	 	 0.1000 			 0.6755 	 0.7599 	 1.0976 	 0.6217
11 		 10.1 	 	 1.2 	 	 0.1000 			 0.6114 	 0.7849 	 1.1473 	 0.6229
12 		 10.0 	 	 1.2 	 	 0.1000 			 0.5561 	 0.8037 	 1.3904 	 0.6043
13 		 10.1 	 	 1.2 	 	 0.1000 			 0.5245 	 0.8139 	 1.2802 	 0.5913
14 		 10.1 	 	 1.2 	 	 0.1000 			 0.4787 	 0.8298 	 1.5096 	 0.5902
15 		 10.1 	 	 1.2 	 	 0.1000 			 0.4513 	 0.8399 	 1.2442 	 0.6262
16 		 10.0 	 	 1.2 	 	 0.1000 			 0.4238 	 0.8522 	 1.2402 	 0.6138
17 		 10.1 	 	 1.2 	 	 0.1000 			 0.4057 	 0.8577 	 1.0842 	 0.6515
18 		 10.1 	 	 1.2 	 	 0.1000 			 0.3919 	 0.8604 	 1.4200 	 0.5775
19 		 10.1 	 	 1.2 	 	 0.1000 			 0.3777 	 0.8673 	 1.3503 	 0.6174
20 		 10.1 	 	 1.2 	 	 0.1000 			 0.3656 	 0.8736 	 1.4379 	 0.5947
21 		 10.1 	 	 1.2 	 	 0.1000 			 0.3667 	 0.8719 	 1.3093 	 0.6196
22 		 10.1 	 	 1.2 	 	 0.1000 			 0.3524 	 0.8767 	 1.6880 	 0.5658
23 		 10.1 	 	 1.2 	 	 0.1000 			 0.3496 	 0.8778 	 1.4644 	 0.6045
24 		 10.0 	 	 1.2 	 	 0.1000 			 0.3360 	 0.8837 	 1.3557 	 0.6103
25 		 10.1 	 	 1.2 	 	 0.1000 			 0.3455 	 0.8789 	 1.3496 	 0.6029
26 		 10.1 	 	 1.2 	 	 0.1000 			 0.3294 	 0.8856 	 1.2181 	 0.6438
27 		 10.1 	 	 1.2 	 	 0.1000 			 0.3386 	 0.8815 	 1.3409 	 0.6031
28 		 10.1 	 	 1.2 	 	 0.1000 			 0.3243 	 0.8886 	 1.3045 	 0.6154
29 		 10.1 	 	 1.2 	 	 0.1000 			 0.3227 	 0.8869 	 1.3885 	 0.5976
30 		 10.1 	 	 1.2 	 	 0.1000 			 0.3183 	 0.8883 	 1.2964 	 0.6332
31 		 10.1 	 	 1.2 	 	 0.1000 			 0.3292 	 0.8856 	 1.2295 	 0.6447
32 		 10.0 	 	 1.2 	 	 0.1000 			 0.3198 	 0.8877 	 1.1949 	 0.6513
33 		 10.1 	 	 1.2 	 	 0.1000 			 0.3178 	 0.8895 	 1.3664 	 0.6097
34 		 10.1 	 	 1.2 	 	 0.1000 			 0.3184 	 0.8893 	 1.3584 	 0.6044
35 		 10.1 	 	 1.2 	 	 0.1000 			 0.3077 	 0.8929 	 1.4284 	 0.6304
36 		 10.0 	 	 1.2 	 	 0.1000 			 0.3143 	 0.8926 	 1.2598 	 0.6400
37 		 10.1 	 	 1.2 	 	 0.1000 			 0.3117 	 0.8927 	 1.5886 	 0.5705
38 		 10.1 	 	 1.2 	 	 0.1000 			 0.3154 	 0.8898 	 1.3408 	 0.6218
39 		 10.1 	 	 1.2 	 	 0.1000 			 0.3133 	 0.8928 	 1.3073 	 0.6225
40 		 10.0 	 	 1.2 	 	 0.1000 			 0.3057 	 0.8939 	 1.2964 	 0.6263
41 		 10.1 	 	 1.2 	 	 0.1000 			 0.2992 	 0.8965 	 1.4099 	 0.6116
42 		 10.1 	 	 1.2 	 	 0.1000 			 0.3145 	 0.8921 	 1.4309 	 0.5996
43 		 10.1 	 	 1.2 	 	 0.1000 			 0.3070 	 0.8933 	 1.4376 	 0.6078
44 		 10.0 	 	 1.2 	 	 0.1000 			 0.3101 	 0.8920 	 1.2746 	 0.6289
45 		 10.1 	 	 1.2 	 	 0.1000 			 0.3034 	 0.8940 	 1.4819 	 0.6077
46 		 10.1 	 	 1.2 	 	 0.1000 			 0.3025 	 0.8953 	 1.2540 	 0.6348
47 		 10.1 	 	 1.2 	 	 0.1000 			 0.3057 	 0.8929 	 1.4542 	 0.6090
48 		 10.0 	 	 1.2 	 	 0.1000 			 0.2998 	 0.8946 	 1.3727 	 0.6218
49 		 10.1 	 	 1.2 	 	 0.1000 			 0.2994 	 0.8963 	 1.3756 	 0.6112
50 		 10.1 	 	 1.2 	 	 0.1000 			 0.3099 	 0.8928 	 1.3657 	 0.6158
51 		 10.1 	 	 1.2 	 	 0.1000 			 0.2877 	 0.9006 	 1.3335 	 0.6269
52 		 10.0 	 	 1.2 	 	 0.1000 			 0.3099 	 0.8934 	 1.5167 	 0.5758
53 		 10.1 	 	 1.2 	 	 0.1000 			 0.2942 	 0.8984 	 1.4755 	 0.6084
54 		 10.1 	 	 1.2 	 	 0.1000 			 0.2970 	 0.8971 	 1.2061 	 0.6464
55 		 10.1 	 	 1.2 	 	 0.1000 			 0.2984 	 0.8961 	 1.2098 	 0.6534
56 		 10.0 	 	 1.2 	 	 0.1000 			 0.2925 	 0.8985 	 1.4653 	 0.6040
57 		 10.1 	 	 1.2 	 	 0.1000 			 0.2879 	 0.8997 	 1.5802 	 0.5907
58 		 10.1 	 	 1.2 	 	 0.1000 			 0.2902 	 0.8991 	 1.2570 	 0.6353
59 		 10.1 	 	 1.2 	 	 0.1000 			 0.2935 	 0.8982 	 1.2589 	 0.6284
60 		 10.0 	 	 1.2 	 	 0.0100 			 0.2979 	 0.8962 	 1.7745 	 0.5471
61 		 10.1 	 	 1.2 	 	 0.0100 			 0.0841 	 0.9757 	 0.9615 	 0.7251
62 		 10.1 	 	 1.2 	 	 0.0100 			 0.0169 	 0.9989 	 0.9999 	 0.7271
63 		 10.1 	 	 1.2 	 	 0.0100 			 0.0092 	 0.9999 	 1.0209 	 0.7276
64 		 10.0 	 	 1.2 	 	 0.0100 			 0.0064 	 1.0000 	 1.0209 	 0.7281
65 		 10.1 	 	 1.2 	 	 0.0100 			 0.0054 	 1.0000 	 1.0336 	 0.7291
66 		 10.1 	 	 1.2 	 	 0.0100 			 0.0045 	 1.0000 	 1.0291 	 0.7317
67 		 10.1 	 	 1.2 	 	 0.0100 			 0.0040 	 1.0000 	 1.0350 	 0.7300
68 		 10.0 	 	 1.2 	 	 0.0100 			 0.0036 	 1.0000 	 1.0337 	 0.7291
69 		 10.1 	 	 1.2 	 	 0.0100 			 0.0035 	 1.0000 	 1.0321 	 0.7288
70 		 10.1 	 	 1.2 	 	 0.0100 			 0.0033 	 1.0000 	 1.0255 	 0.7312
71 		 10.1 	 	 1.2 	 	 0.0100 			 0.0031 	 1.0000 	 1.0211 	 0.7319
72 		 10.0 	 	 1.2 	 	 0.0100 			 0.0030 	 1.0000 	 1.0297 	 0.7334
73 		 10.1 	 	 1.2 	 	 0.0100 			 0.0029 	 1.0000 	 1.0189 	 0.7312
74 		 10.1 	 	 1.2 	 	 0.0100 			 0.0029 	 1.0000 	 1.0129 	 0.7327
75 		 10.1 	 	 1.2 	 	 0.0100 			 0.0028 	 1.0000 	 1.0116 	 0.7314
76 		 10.0 	 	 1.2 	 	 0.0100 			 0.0027 	 1.0000 	 1.0027 	 0.7306
77 		 10.1 	 	 1.2 	 	 0.0100 			 0.0027 	 1.0000 	 1.0084 	 0.7299
78 		 10.1 	 	 1.2 	 	 0.0100 			 0.0027 	 1.0000 	 0.9997 	 0.7315
79 		 10.1 	 	 1.2 	 	 0.0100 			 0.0026 	 1.0000 	 1.0038 	 0.7320
80 		 10.0 	 	 1.2 	 	 0.0010 			 0.0026 	 1.0000 	 0.9918 	 0.7304
81 		 10.1 	 	 1.2 	 	 0.0010 			 0.0025 	 1.0000 	 0.9986 	 0.7315
82 		 10.1 	 	 1.2 	 	 0.0010 			 0.0025 	 1.0000 	 1.0003 	 0.7319
83 		 10.1 	 	 1.2 	 	 0.0010 			 0.0025 	 1.0000 	 0.9966 	 0.7317
84 		 10.0 	 	 1.2 	 	 0.0010 			 0.0025 	 1.0000 	 0.9944 	 0.7306
85 		 10.1 	 	 1.2 	 	 0.0010 			 0.0025 	 1.0000 	 0.9941 	 0.7329
86 		 10.1 	 	 1.2 	 	 0.0010 			 0.0025 	 1.0000 	 0.9950 	 0.7305
87 		 10.1 	 	 1.2 	 	 0.0010 			 0.0025 	 1.0000 	 0.9946 	 0.7320
88 		 10.1 	 	 1.2 	 	 0.0010 			 0.0025 	 1.0000 	 0.9887 	 0.7317
89 		 10.1 	 	 1.2 	 	 0.0010 			 0.0025 	 1.0000 	 0.9929 	 0.7311
90 		 10.1 	 	 1.2 	 	 0.0010 			 0.0025 	 1.0000 	 0.9926 	 0.7308
91 		 10.1 	 	 1.2 	 	 0.0010 			 0.0025 	 1.0000 	 0.9993 	 0.7318
92 		 10.0 	 	 1.2 	 	 0.0010 			 0.0025 	 1.0000 	 0.9906 	 0.7335
93 		 10.1 	 	 1.2 	 	 0.0010 			 0.0025 	 1.0000 	 0.9946 	 0.7329
94 		 10.1 	 	 1.2 	 	 0.0010 			 0.0025 	 1.0000 	 0.9895 	 0.7313
95 		 10.1 	 	 1.2 	 	 0.0010 			 0.0025 	 1.0000 	 0.9934 	 0.7307
96 		 10.1 	 	 1.2 	 	 0.0010 			 0.0024 	 1.0000 	 0.9920 	 0.7333
97 		 10.1 	 	 1.2 	 	 0.0010 			 0.0025 	 1.0000 	 0.9917 	 0.7314
98 		 10.1 	 	 1.2 	 	 0.0010 			 0.0025 	 1.0000 	 0.9883 	 0.7315
99 		 10.1 	 	 1.2 	 	 0.0010 			 0.0024 	 1.0000 	 0.9873 	 0.7320
